d:\mimiseu_duilib\temp\release\duilib.pch
d:\mimiseu_duilib\temp\release\vc142.pdb
d:\mimiseu_duilib\temp\release\stdafx.obj
d:\mimiseu_duilib\temp\release\trayicon.obj
d:\mimiseu_duilib\temp\release\dragdropimpl.obj
d:\mimiseu_duilib\temp\release\dpi.obj
d:\mimiseu_duilib\temp\release\uilib.obj
d:\mimiseu_duilib\temp\release\uianimationtablayout.obj
d:\mimiseu_duilib\temp\release\uiresourcemanager.obj
d:\mimiseu_duilib\temp\release\controlfactory.obj
d:\mimiseu_duilib\temp\release\uiring.obj
d:\mimiseu_duilib\temp\release\uimenu.obj
d:\mimiseu_duilib\temp\release\uilistex.obj
d:\mimiseu_duilib\temp\release\uiipaddress.obj
d:\mimiseu_duilib\temp\release\uihotkey.obj
d:\mimiseu_duilib\temp\release\uigroupbox.obj
d:\mimiseu_duilib\temp\release\uigifanimex.obj
d:\mimiseu_duilib\temp\release\uigifanim.obj
d:\mimiseu_duilib\temp\release\uifadebutton.obj
d:\mimiseu_duilib\temp\release\uicolorpalette.obj
d:\mimiseu_duilib\temp\release\uianimation.obj
d:\mimiseu_duilib\temp\release\uirolltext.obj
d:\mimiseu_duilib\temp\release\uicombobox.obj
d:\mimiseu_duilib\temp\release\uicombo.obj
d:\mimiseu_duilib\temp\release\uibutton.obj
d:\mimiseu_duilib\temp\release\uiactivex.obj
d:\mimiseu_duilib\temp\release\uiverticallayout.obj
d:\mimiseu_duilib\temp\release\uitilelayout.obj
d:\mimiseu_duilib\temp\release\uitablayout.obj
d:\mimiseu_duilib\temp\release\uihorizontallayout.obj
d:\mimiseu_duilib\temp\release\uichildlayout.obj
d:\mimiseu_duilib\temp\release\uirender.obj
d:\mimiseu_duilib\temp\release\uimarkup.obj
d:\mimiseu_duilib\temp\release\uimanager.obj
d:\mimiseu_duilib\temp\release\uidlgbuilder.obj
d:\mimiseu_duilib\temp\release\uicontrol.obj
d:\mimiseu_duilib\temp\release\uicontainer.obj
d:\mimiseu_duilib\temp\release\uibase.obj
d:\mimiseu_duilib\temp\release\utils.obj
d:\mimiseu_duilib\temp\release\uidelegate.obj
d:\mimiseu_duilib\temp\release\winimplbase.obj
d:\mimiseu_duilib\temp\release\uishadow.obj
d:\mimiseu_duilib\temp\release\uiwebbrowser.obj
d:\mimiseu_duilib\temp\release\uitreeview.obj
d:\mimiseu_duilib\temp\release\uitext.obj
d:\mimiseu_duilib\temp\release\uislider.obj
d:\mimiseu_duilib\temp\release\uiscrollbar.obj
d:\mimiseu_duilib\temp\release\uirichedit.obj
d:\mimiseu_duilib\temp\release\uiprogress.obj
d:\mimiseu_duilib\temp\release\uioption.obj
d:\mimiseu_duilib\temp\release\uilist.obj
d:\mimiseu_duilib\temp\release\uilabel.obj
d:\mimiseu_duilib\temp\release\uiflash.obj
d:\mimiseu_duilib\temp\release\uiedit.obj
d:\mimiseu_duilib\temp\release\uidatetime.obj
d:\mimiseu_duilib\temp\release\duilib.tlog\cl.command.1.tlog
d:\mimiseu_duilib\temp\release\duilib.tlog\cl.read.1.tlog
d:\mimiseu_duilib\temp\release\duilib.tlog\cl.write.1.tlog
