d:\mimiseu_duilib\temp\debug\duilib_d.pch
d:\mimiseu_duilib\temp\debug\vc142.pdb
d:\mimiseu_duilib\temp\debug\stdafx.obj
d:\mimiseu_duilib\temp\debug\unzip.obj
d:\mimiseu_duilib\temp\debug\uiipaddressex.obj
d:\mimiseu_duilib\temp\debug\uishadow.obj
d:\mimiseu_duilib\temp\debug\trayicon.obj
d:\mimiseu_duilib\temp\debug\dragdropimpl.obj
d:\mimiseu_duilib\temp\debug\dpi.obj
d:\mimiseu_duilib\temp\debug\uilib.obj
d:\mimiseu_duilib\temp\debug\uianimationtablayout.obj
d:\mimiseu_duilib\temp\debug\uiresourcemanager.obj
d:\mimiseu_duilib\temp\debug\controlfactory.obj
d:\mimiseu_duilib\temp\debug\uiring.obj
d:\mimiseu_duilib\temp\debug\uimenu.obj
d:\mimiseu_duilib\temp\debug\uilistex.obj
d:\mimiseu_duilib\temp\debug\uiipaddress.obj
d:\mimiseu_duilib\temp\debug\uihotkey.obj
d:\mimiseu_duilib\temp\debug\uigroupbox.obj
d:\mimiseu_duilib\temp\debug\uigifanimex.obj
d:\mimiseu_duilib\temp\debug\uigifanim.obj
d:\mimiseu_duilib\temp\debug\uifadebutton.obj
d:\mimiseu_duilib\temp\debug\uicolorpalette.obj
d:\mimiseu_duilib\temp\debug\uianimation.obj
d:\mimiseu_duilib\temp\debug\uirolltext.obj
d:\mimiseu_duilib\temp\debug\uidatetime.obj
d:\mimiseu_duilib\temp\debug\uicombobox.obj
d:\mimiseu_duilib\temp\debug\uicombo.obj
d:\mimiseu_duilib\temp\debug\uibutton.obj
d:\mimiseu_duilib\temp\debug\uiactivex.obj
d:\mimiseu_duilib\temp\debug\uiverticallayout.obj
d:\mimiseu_duilib\temp\debug\uitilelayout.obj
d:\mimiseu_duilib\temp\debug\uitablayout.obj
d:\mimiseu_duilib\temp\debug\uihorizontallayout.obj
d:\mimiseu_duilib\temp\debug\uichildlayout.obj
d:\mimiseu_duilib\temp\debug\uirender.obj
d:\mimiseu_duilib\temp\debug\uimarkup.obj
d:\mimiseu_duilib\temp\debug\uimanager.obj
d:\mimiseu_duilib\temp\debug\uidlgbuilder.obj
d:\mimiseu_duilib\temp\debug\uicontrol.obj
d:\mimiseu_duilib\temp\debug\uicontainer.obj
d:\mimiseu_duilib\temp\debug\uibase.obj
d:\mimiseu_duilib\temp\debug\utils.obj
d:\mimiseu_duilib\temp\debug\uidelegate.obj
d:\mimiseu_duilib\temp\debug\winimplbase.obj
d:\mimiseu_duilib\temp\debug\uiwebbrowser.obj
d:\mimiseu_duilib\temp\debug\uitreeview.obj
d:\mimiseu_duilib\temp\debug\uitext.obj
d:\mimiseu_duilib\temp\debug\uislider.obj
d:\mimiseu_duilib\temp\debug\uiscrollbar.obj
d:\mimiseu_duilib\temp\debug\uirichedit.obj
d:\mimiseu_duilib\temp\debug\uiprogress.obj
d:\mimiseu_duilib\temp\debug\uioption.obj
d:\mimiseu_duilib\temp\debug\uilist.obj
d:\mimiseu_duilib\temp\debug\uilabel.obj
d:\mimiseu_duilib\temp\debug\uiflash.obj
d:\mimiseu_duilib\temp\debug\uiedit.obj
d:\mimiseu_duilib\lib\duilib_d.lib
d:\mimiseu_duilib\lib\duilib_d.exp
d:\mimiseu_duilib\bin\duilib_d.dll
d:\mimiseu_duilib\bin\duilib_d.pdb
d:\mimiseu_duilib\temp\debug\duilib.tlog\cl.command.1.tlog
d:\mimiseu_duilib\temp\debug\duilib.tlog\cl.read.1.tlog
d:\mimiseu_duilib\temp\debug\duilib.tlog\cl.write.1.tlog
d:\mimiseu_duilib\temp\debug\duilib.tlog\duilib.write.1u.tlog
d:\mimiseu_duilib\temp\debug\duilib.tlog\link.command.1.tlog
d:\mimiseu_duilib\temp\debug\duilib.tlog\link.read.1.tlog
d:\mimiseu_duilib\temp\debug\duilib.tlog\link.write.1.tlog
