d:\mimiseu_duilib\mimisecui\x64\debug\vc142.pdb
d:\mimiseu_duilib\mimisecui\x64\debug\vc142.idb
d:\mimiseu_duilib\mimisecui\x64\debug\stdafx.obj
d:\mimiseu_duilib\mimisecui\x64\debug\mimisecui.obj
d:\mimiseu_duilib\mimisecui\x64\debug\mimisecloaddlg.obj
d:\mimiseu_duilib\mimisecui\x64\debug\mimisecbasedlg.obj
d:\mimiseu_duilib\mimisecui\x64\debug\mimisecui.res
d:\mimiseu_duilib\x64\debug\mimisecui.pdb
d:\mimiseu_duilib\mimisecui\x64\debug\mimisecui.tlog\cl.command.1.tlog
d:\mimiseu_duilib\mimisecui\x64\debug\mimisecui.tlog\cl.read.1.tlog
d:\mimiseu_duilib\mimisecui\x64\debug\mimisecui.tlog\cl.write.1.tlog
d:\mimiseu_duilib\mimisecui\x64\debug\mimisecui.tlog\link-cvtres.read.1.tlog
d:\mimiseu_duilib\mimisecui\x64\debug\mimisecui.tlog\link-cvtres.write.1.tlog
d:\mimiseu_duilib\mimisecui\x64\debug\mimisecui.tlog\link-rc.read.1.tlog
d:\mimiseu_duilib\mimisecui\x64\debug\mimisecui.tlog\link-rc.write.1.tlog
d:\mimiseu_duilib\mimisecui\x64\debug\mimisecui.tlog\link.command.1.tlog
d:\mimiseu_duilib\mimisecui\x64\debug\mimisecui.tlog\link.read.1.tlog
d:\mimiseu_duilib\mimisecui\x64\debug\mimisecui.tlog\link.write.1.tlog
d:\mimiseu_duilib\mimisecui\x64\debug\mimisecui.tlog\rc.command.1.tlog
d:\mimiseu_duilib\mimisecui\x64\debug\mimisecui.tlog\rc.read.1.tlog
d:\mimiseu_duilib\mimisecui\x64\debug\mimisecui.tlog\rc.write.1.tlog
